[17:13:19] [main/INFO]: Loading Minecraft 1.19.4 with Fabric Loader 0.14.19
[17:13:19] [main/INFO]: Loading 3 mods:
	- fabricloader 0.14.19
	- java 17
	- minecraft 1.19.4
[17:13:19] [main/INFO]: SpongePowered MIXIN Subsystem Version=0.8.5 Source=file:/data/libraries/net/fabricmc/sponge-mixin/0.12.4+mixin.0.8.5/sponge-mixin-0.12.4+mixin.0.8.5.jar Service=Knot/Fabric Env=SERVER
[17:13:21] [main/INFO]: Environment: authHost='https://authserver.mojang.com', accountsHost='https://api.mojang.com', sessionHost='https://sessionserver.mojang.com', servicesHost='https://api.minecraftservices.com', name='PROD'
[17:13:22] [main/INFO]: Loaded 7 recipes
[17:13:22] [main/INFO]: Loaded 1179 advancements
[17:13:22] [Server thread/INFO]: Starting minecraft server version 1.19.4
[17:13:22] [Server thread/INFO]: Loading properties
[17:13:22] [Server thread/INFO]: Default game type: SURVIVAL
[17:13:22] [Server thread/INFO]: Generating keypair
[17:13:22] [Server thread/INFO]: Starting Minecraft server on *:25565
[17:13:22] [Server thread/INFO]: Using epoll channel type
[17:13:23] [Server thread/INFO]: Preparing level "world"
[17:13:23] [Server thread/INFO]: Preparing start region for dimension minecraft:overworld
[17:13:24] [Worker-Main-4/INFO]: Preparing spawn area: 0%
[17:13:24] [Worker-Main-4/INFO]: Preparing spawn area: 0%
[17:13:24] [Worker-Main-3/INFO]: Preparing spawn area: 0%
[17:13:25] [Worker-Main-7/INFO]: Preparing spawn area: 22%
[17:13:25] [Server thread/INFO]: Time elapsed: 1832 ms
[17:13:25] [Server thread/INFO]: Done (2.305s)! For help, type "help"
[17:13:29] [Server thread/INFO]: Made Maervo a server operator
